
> MassageOnDemand@1.0.0 start /home/rsinha/NodeJS/MassageOnDemand
> npm run build:live


> MassageOnDemand@1.0.0 build:live /home/rsinha/NodeJS/MassageOnDemand
> nodemon --exec ./node_modules/.bin/ts-node -- ./app.ts

[33m[nodemon] 1.17.3[39m
[33m[nodemon] to restart at any time, enter `rs`[39m
[33m[nodemon] watching: *.*[39m
[32m[nodemon] starting `./node_modules/.bin/ts-node ./app.ts`[39m
events.js:160
      throw er; // Unhandled 'error' event
      ^

Error: EBADF: bad file descriptor, read
    at Error (native)

npm ERR! Linux 4.9.0-3-amd64
npm ERR! argv "/home/rsinha/.nvm/versions/node/v6.11.1/bin/node" "/home/rsinha/.nvm/versions/node/v6.11.1/bin/npm" "run" "build:live"
npm ERR! node v6.11.1
npm ERR! npm  v3.10.10
npm ERR! code ELIFECYCLE
npm ERR! MassageOnDemand@1.0.0 build:live: `nodemon --exec ./node_modules/.bin/ts-node -- ./app.ts`
npm ERR! Exit status 1
npm ERR! 
npm ERR! Failed at the MassageOnDemand@1.0.0 build:live script 'nodemon --exec ./node_modules/.bin/ts-node -- ./app.ts'.
npm ERR! Make sure you have the latest version of node.js and npm installed.
npm ERR! If you do, this is most likely a problem with the MassageOnDemand package,
npm ERR! not with npm itself.
npm ERR! Tell the author that this fails on your system:
npm ERR!     nodemon --exec ./node_modules/.bin/ts-node -- ./app.ts
npm ERR! You can get information on how to open an issue for this project with:
npm ERR!     npm bugs MassageOnDemand
npm ERR! Or if that isn't available, you can get their info via:
npm ERR!     npm owner ls MassageOnDemand
npm ERR! There is likely additional logging output above.

npm ERR! Please include the following file with any support request:
npm ERR!     /home/rsinha/NodeJS/MassageOnDemand/npm-debug.log

npm ERR! Linux 4.9.0-3-amd64
npm ERR! argv "/home/rsinha/.nvm/versions/node/v6.11.1/bin/node" "/home/rsinha/.nvm/versions/node/v6.11.1/bin/npm" "start"
npm ERR! node v6.11.1
npm ERR! npm  v3.10.10
npm ERR! code ELIFECYCLE
npm ERR! MassageOnDemand@1.0.0 start: `npm run build:live`
npm ERR! Exit status 1
npm ERR! 
npm ERR! Failed at the MassageOnDemand@1.0.0 start script 'npm run build:live'.
npm ERR! Make sure you have the latest version of node.js and npm installed.
npm ERR! If you do, this is most likely a problem with the MassageOnDemand package,
npm ERR! not with npm itself.
npm ERR! Tell the author that this fails on your system:
npm ERR!     npm run build:live
npm ERR! You can get information on how to open an issue for this project with:
npm ERR!     npm bugs MassageOnDemand
npm ERR! Or if that isn't available, you can get their info via:
npm ERR!     npm owner ls MassageOnDemand
npm ERR! There is likely additional logging output above.

npm ERR! Please include the following file with any support request:
npm ERR!     /home/rsinha/NodeJS/MassageOnDemand/npm-debug.log
Server is running on port : 3001
Parsed Val : {"mac":"mac id","origin":"com.idarts.massage.app","date":1525350675331}
